2025-05-11 17:10:05,760 - src.services.job_service - INFO - Searching jobs with keyword: 資, max pages: 1
2025-05-11 17:10:05,761 - src.services.job_service - INFO - Fetching page 1
2025-05-11 17:10:06,818 - src.services.job_service - INFO - Found 22 jobs on page 1
2025-05-11 17:10:06,819 - src.services.job_service - INFO - Total jobs found: 22
2025-05-11 17:10:06,826 - src.services.job_service - INFO - Jobs saved to jobs.csv
2025-05-11 17:11:24,486 - src.services.job_service - INFO - Fetching page 1...
2025-05-11 17:11:26,389 - src.repositories.job_repository - INFO - Page 1: Found 22 jobs
2025-05-11 17:11:26,389 - src.services.job_service - INFO - Total jobs found so far: 22
2025-05-11 17:11:26,396 - src.services.job_service - INFO - Jobs saved to jobs.csv
2025-05-11 17:13:34,298 - src.services.job_service - INFO - Fetching page 1...
2025-05-11 17:13:36,430 - src.repositories.job_repository - INFO - Page 1: Found 22 jobs
2025-05-11 17:13:36,430 - src.repositories.job_repository - INFO - Total available jobs: 296712
2025-05-11 17:13:36,431 - src.services.job_service - INFO - Total jobs found so far: 22
2025-05-11 17:13:36,431 - src.services.job_service - INFO - Reached last page (less than 100 jobs found)
2025-05-11 17:13:36,431 - src.services.job_service - INFO - Search completed. Total jobs found: 22
2025-05-11 17:13:36,437 - src.services.job_service - INFO - Jobs saved to jobs.csv
2025-05-11 17:13:55,269 - src.services.job_service - INFO - Fetching page 1...
2025-05-11 17:13:57,527 - src.repositories.job_repository - INFO - Page 1: Found 22 jobs
2025-05-11 17:13:57,527 - src.repositories.job_repository - INFO - Total available jobs: 296713
2025-05-11 17:13:57,528 - src.services.job_service - INFO - Total jobs found so far: 22
2025-05-11 17:13:57,528 - src.services.job_service - INFO - Reached last page (less than 100 jobs found)
2025-05-11 17:13:57,528 - src.services.job_service - INFO - Search completed. Total jobs found: 22
2025-05-11 17:13:57,534 - src.services.job_service - INFO - Jobs saved to jobs.csv
